<?xml version="1.0" encoding="UTF-8"?>
<!-- Generated by org.testng.reporters.JUnitReportReporter -->
<testsuite skipped="0" hostname="ARAVINDA-DELL-PERSONAL" name="com.synechron.api.apitraining.post.DeleteRepository" tests="1" failures="0" timestamp="2021-12-15T12:36:15 IST" time="3.057" errors="0">
  <testcase name="deleteRepository" time="3.057" classname="com.synechron.api.apitraining.post.DeleteRepository"/>
  <system-out/>
</testsuite> <!-- com.synechron.api.apitraining.post.DeleteRepository -->
