<?xml version="1.0" encoding="UTF-8"?>
<!-- Generated by org.testng.reporters.JUnitReportReporter -->
<testsuite skipped="0" hostname="ARAVINDA-DELL-PERSONAL" name="com.synechron.api.apitraining.post.CreateCard" tests="1" failures="0" timestamp="2021-12-15T10:17:25 IST" time="3.622" errors="0">
  <testcase name="createList" time="3.622" classname="com.synechron.api.apitraining.post.CreateCard"/>
  <system-out/>
</testsuite> <!-- com.synechron.api.apitraining.post.CreateCard -->
