<?xml version="1.0" encoding="UTF-8"?>
<!-- Generated by org.testng.reporters.JUnitReportReporter -->
<testsuite skipped="0" hostname="ARAVINDA-DELL-PERSONAL" name="com.synechron.api.apitraining.logs.ResponseWithLogs" tests="1" failures="0" timestamp="2021-12-15T15:59:58 IST" time="3.928" errors="0">
  <testcase name="LogAll" time="3.928" classname="com.synechron.api.apitraining.logs.ResponseWithLogs"/>
  <system-out/>
</testsuite> <!-- com.synechron.api.apitraining.logs.ResponseWithLogs -->
