<?xml version="1.0" encoding="UTF-8"?>
<!-- Generated by org.testng.reporters.JUnitReportReporter -->
<testsuite skipped="0" hostname="ARAVINDA-DELL-PERSONAL" name="com.synechron.api.apitraining.download.FileDownloadDemo" tests="1" failures="0" timestamp="2021-12-16T15:53:24 IST" time="3.272" errors="0">
  <testcase name="validateFileDownload" time="3.272" classname="com.synechron.api.apitraining.download.FileDownloadDemo"/>
  <system-out/>
</testsuite> <!-- com.synechron.api.apitraining.download.FileDownloadDemo -->
