<?xml version="1.0" encoding="UTF-8"?>
<!-- Generated by org.testng.reporters.JUnitReportReporter -->
<testsuite skipped="0" hostname="ARAVINDA-DELL-PERSONAL" name="com.synechron.api.apitraining.post.CreateRepositoryUsingFP" tests="1" failures="0" timestamp="2021-12-15T12:21:36 IST" time="4.673" errors="0">
  <testcase name="createRepo" time="4.673" classname="com.synechron.api.apitraining.post.CreateRepositoryUsingFP"/>
  <system-out/>
</testsuite> <!-- com.synechron.api.apitraining.post.CreateRepositoryUsingFP -->
