<?xml version="1.0" encoding="UTF-8"?>
<!-- Generated by org.testng.reporters.JUnitReportReporter -->
<testsuite skipped="0" hostname="ARAVINDA-DELL-PERSONAL" name="com.synechron.api.apitraining.specifications.RequestSpecDemo" tests="3" failures="0" timestamp="2021-12-16T15:22:31 IST" time="3.935" errors="0">
  <testcase name="verifyHeightValue" time="2.883" classname="com.synechron.api.apitraining.specifications.RequestSpecDemo"/>
  <system-out/>
  <testcase name="verifyURLValue" time="0.553" classname="com.synechron.api.apitraining.specifications.RequestSpecDemo"/>
  <system-out/>
  <testcase name="verifyWidthValue" time="0.499" classname="com.synechron.api.apitraining.specifications.RequestSpecDemo"/>
  <system-out/>
</testsuite> <!-- com.synechron.api.apitraining.specifications.RequestSpecDemo -->
