<?xml version="1.0" encoding="UTF-8"?>
<!-- Generated by org.testng.reporters.JUnitReportReporter -->
<testsuite skipped="0" hostname="ARAVINDA-DELL-PERSONAL" name="com.synechron.api.apitraining.post.CreateList" tests="1" failures="0" timestamp="2021-12-15T10:14:10 IST" time="3.597" errors="0">
  <testcase name="createList" time="3.597" classname="com.synechron.api.apitraining.post.CreateList"/>
  <system-out/>
</testsuite> <!-- com.synechron.api.apitraining.post.CreateList -->
