<?xml version="1.0" encoding="UTF-8"?>
<!-- Generated by org.testng.reporters.JUnitReportReporter -->
<testsuite skipped="0" hostname="ARAVINDA-DELL-PERSONAL" name="com.synechron.api.apitraining.extract.ExtractOutputUsingJayway" tests="1" failures="0" timestamp="2021-12-15T15:44:27 IST" time="3.053" errors="0">
  <testcase name="extractResponse" time="3.053" classname="com.synechron.api.apitraining.extract.ExtractOutputUsingJayway"/>
  <system-out/>
</testsuite> <!-- com.synechron.api.apitraining.extract.ExtractOutputUsingJayway -->
