<?xml version="1.0" encoding="UTF-8"?>
<!-- Generated by org.testng.reporters.JUnitReportReporter -->
<testsuite skipped="0" hostname="ARAVINDA-DELL-PERSONAL" name="com.synechron.api.apitraining.post.CreateBoard" tests="1" failures="0" timestamp="2021-12-15T09:38:32 IST" time="3.036" errors="0">
  <testcase name="createBoard" time="3.036" classname="com.synechron.api.apitraining.post.CreateBoard"/>
  <system-out/>
</testsuite> <!-- com.synechron.api.apitraining.post.CreateBoard -->
