<?xml version="1.0" encoding="UTF-8"?>
<!-- Generated by org.testng.reporters.JUnitReportReporter -->
<testsuite skipped="0" hostname="ARAVINDA-DELL-PERSONAL" name="com.synechron.api.apitraining.root.SettingRootPath" tests="3" failures="0" timestamp="2021-12-16T14:14:14 IST" time="4.190" errors="0">
  <testcase name="verifyWidthValue" time="0.523" classname="com.synechron.api.apitraining.root.SettingRootPath"/>
  <system-out/>
  <testcase name="verifyHeightValue" time="3.168" classname="com.synechron.api.apitraining.root.SettingRootPath"/>
  <system-out/>
  <testcase name="verifyURLValue" time="0.499" classname="com.synechron.api.apitraining.root.SettingRootPath"/>
  <system-out/>
</testsuite> <!-- com.synechron.api.apitraining.root.SettingRootPath -->
