<?xml version="1.0" encoding="UTF-8"?>
<!-- Generated by org.testng.reporters.JUnitReportReporter -->
<testsuite skipped="0" hostname="ARAVINDA-DELL-PERSONAL" name="com.synechron.api.apitraining.extract.ExtractOutputUsingJsonPath" tests="1" failures="0" timestamp="2021-12-15T14:25:05 IST" time="3.428" errors="0">
  <testcase name="extractResponse" time="3.428" classname="com.synechron.api.apitraining.extract.ExtractOutputUsingJsonPath"/>
  <system-out/>
</testsuite> <!-- com.synechron.api.apitraining.extract.ExtractOutputUsingJsonPath -->
