<?xml version="1.0" encoding="UTF-8"?>
<!-- Generated by org.testng.reporters.JUnitReportReporter -->
<testsuite skipped="0" hostname="ARAVINDA-DELL-PERSONAL" name="com.synechron.api.apitraining.post.CreateRepositoryUsingPOJO" tests="1" failures="0" timestamp="2021-12-15T12:03:57 IST" time="3.874" errors="0">
  <testcase name="createRepo" time="3.874" classname="com.synechron.api.apitraining.post.CreateRepositoryUsingPOJO"/>
  <system-out/>
</testsuite> <!-- com.synechron.api.apitraining.post.CreateRepositoryUsingPOJO -->
